Removed Pin From Net: NetName=GND Pin=*-4
Removed Pin From Net: NetName=VCC Pin=*-8
Change Component Designator: OldDesignator=* NewDesignator=*2
Added Component: Designator=*1(HMC_MS8)
Added Pin To Net: NetName=GND Pin=*1-4
Added Pin To Net: NetName=VCC Pin=*1-8
Added Pin To Net: NetName=Net*1_1 Pin=*1-1
Added Pin To Net: NetName=Net*1_1 Pin=C2-1
Added Pin To Net: NetName=Net*1_1 Pin=R1-2
Added Net: Name=Net*1_1
Added Pin To Net: NetName=Net*1_2 Pin=*1-2
Added Pin To Net: NetName=Net*1_2 Pin=R1-1
Added Pin To Net: NetName=Net*1_2 Pin=R4-2
Added Net: Name=Net*1_2
Added Pin To Net: NetName=Net*1_3 Pin=*1-3
Added Pin To Net: NetName=Net*1_3 Pin=*1-5
Added Pin To Net: NetName=Net*1_3 Pin=R6-2
Added Pin To Net: NetName=Net*1_3 Pin=R7-1
Added Net: Name=Net*1_3
Added Pin To Net: NetName=Net*1_6 Pin=*1-6
Added Pin To Net: NetName=Net*1_6 Pin=R2-1
Added Pin To Net: NetName=Net*1_6 Pin=R5-2
Added Net: Name=Net*1_6
Added Pin To Net: NetName=Net*1_7 Pin=*1-7
Added Pin To Net: NetName=Net*1_7 Pin=C3-1
Added Pin To Net: NetName=Net*1_7 Pin=R2-2
Added Net: Name=Net*1_7
Added Member To Class: ClassName=Sheet1 Member=Component *1 LM358
Added Member To Class: ClassName=Sheet1 Member=Component *2 MIC
Added Room: Name=Sheet1
